{"/home/app/modulo03-conceitos-tajs/aula03-spies/src/service.js": {"path":"/home/app/modulo03-conceitos-tajs/aula03-spies/src/service.js","all":false,"statementMap":{"0":{"start":{"line":1,"column":0},"end":{"line":1,"column":32}},"1":{"start":{"line":2,"column":0},"end":{"line":2,"column":33}},"2":{"start":{"line":3,"column":0},"end":{"line":3,"column":28}},"3":{"start":{"line":4,"column":0},"end":{"line":4,"column":0}},"4":{"start":{"line":5,"column":0},"end":{"line":5,"column":30}},"5":{"start":{"line":6,"column":0},"end":{"line":6,"column":14}},"6":{"start":{"line":7,"column":0},"end":{"line":7,"column":32}},"7":{"start":{"line":8,"column":0},"end":{"line":8,"column":35}},"8":{"start":{"line":9,"column":0},"end":{"line":9,"column":6}},"9":{"start":{"line":10,"column":0},"end":{"line":10,"column":0}},"10":{"start":{"line":11,"column":0},"end":{"line":11,"column":30}},"11":{"start":{"line":12,"column":0},"end":{"line":12,"column":44}},"12":{"start":{"line":13,"column":0},"end":{"line":13,"column":32}},"13":{"start":{"line":14,"column":0},"end":{"line":14,"column":29}},"14":{"start":{"line":15,"column":0},"end":{"line":15,"column":6}},"15":{"start":{"line":16,"column":0},"end":{"line":16,"column":0}},"16":{"start":{"line":17,"column":0},"end":{"line":17,"column":37}},"17":{"start":{"line":18,"column":0},"end":{"line":18,"column":39}},"18":{"start":{"line":19,"column":0},"end":{"line":19,"column":24}},"19":{"start":{"line":20,"column":0},"end":{"line":20,"column":54}},"20":{"start":{"line":21,"column":0},"end":{"line":21,"column":50}},"21":{"start":{"line":22,"column":0},"end":{"line":22,"column":25}},"22":{"start":{"line":23,"column":0},"end":{"line":23,"column":0}},"23":{"start":{"line":24,"column":0},"end":{"line":24,"column":52}},"24":{"start":{"line":25,"column":0},"end":{"line":25,"column":6}},"25":{"start":{"line":26,"column":0},"end":{"line":26,"column":0}},"26":{"start":{"line":27,"column":0},"end":{"line":27,"column":0}},"27":{"start":{"line":28,"column":0},"end":{"line":28,"column":19}},"28":{"start":{"line":29,"column":0},"end":{"line":29,"column":67}},"29":{"start":{"line":30,"column":0},"end":{"line":30,"column":0}},"30":{"start":{"line":31,"column":0},"end":{"line":31,"column":68}},"31":{"start":{"line":32,"column":0},"end":{"line":32,"column":27}},"32":{"start":{"line":33,"column":0},"end":{"line":33,"column":38}},"33":{"start":{"line":34,"column":0},"end":{"line":34,"column":0}},"34":{"start":{"line":35,"column":0},"end":{"line":35,"column":38}},"35":{"start":{"line":36,"column":0},"end":{"line":36,"column":0}},"36":{"start":{"line":37,"column":0},"end":{"line":37,"column":22}},"37":{"start":{"line":38,"column":0},"end":{"line":38,"column":45}},"38":{"start":{"line":39,"column":0},"end":{"line":39,"column":61}},"39":{"start":{"line":40,"column":0},"end":{"line":40,"column":0}},"40":{"start":{"line":41,"column":0},"end":{"line":41,"column":6}},"41":{"start":{"line":42,"column":0},"end":{"line":42,"column":1}}},"s":{"0":1,"1":1,"2":1,"3":1,"4":1,"5":4,"6":4,"7":4,"8":4,"9":4,"10":4,"11":1,"12":1,"13":1,"14":1,"15":4,"16":4,"17":1,"18":1,"19":1,"20":1,"21":1,"22":1,"23":1,"24":1,"25":4,"26":4,"27":4,"28":3,"29":1,"30":1,"31":1,"32":1,"33":1,"34":3,"35":1,"36":1,"37":1,"38":1,"39":1,"40":1,"41":4},"branchMap":{"0":{"type":"branch","line":5,"loc":{"start":{"line":5,"column":15},"end":{"line":42,"column":1}},"locations":[{"start":{"line":5,"column":15},"end":{"line":42,"column":1}}]},"1":{"type":"branch","line":7,"loc":{"start":{"line":7,"column":5},"end":{"line":9,"column":6}},"locations":[{"start":{"line":7,"column":5},"end":{"line":9,"column":6}}]},"2":{"type":"branch","line":11,"loc":{"start":{"line":11,"column":5},"end":{"line":15,"column":6}},"locations":[{"start":{"line":11,"column":5},"end":{"line":15,"column":6}}]},"3":{"type":"branch","line":17,"loc":{"start":{"line":17,"column":5},"end":{"line":25,"column":6}},"locations":[{"start":{"line":17,"column":5},"end":{"line":25,"column":6}}]},"4":{"type":"branch","line":28,"loc":{"start":{"line":28,"column":5},"end":{"line":41,"column":6}},"locations":[{"start":{"line":28,"column":5},"end":{"line":41,"column":6}}]},"5":{"type":"branch","line":29,"loc":{"start":{"line":29,"column":58},"end":{"line":29,"column":67}},"locations":[{"start":{"line":29,"column":58},"end":{"line":29,"column":67}}]},"6":{"type":"branch","line":30,"loc":{"start":{"line":30,"column":-1},"end":{"line":35,"column":29}},"locations":[{"start":{"line":30,"column":-1},"end":{"line":35,"column":29}}]},"7":{"type":"branch","line":35,"loc":{"start":{"line":35,"column":29},"end":{"line":35,"column":38}},"locations":[{"start":{"line":35,"column":29},"end":{"line":35,"column":38}}]},"8":{"type":"branch","line":36,"loc":{"start":{"line":36,"column":-1},"end":{"line":41,"column":6}},"locations":[{"start":{"line":36,"column":-1},"end":{"line":41,"column":6}}]},"9":{"type":"branch","line":33,"loc":{"start":{"line":33,"column":23},"end":{"line":33,"column":37}},"locations":[{"start":{"line":33,"column":23},"end":{"line":33,"column":37}}]},"10":{"type":"branch","line":38,"loc":{"start":{"line":38,"column":20},"end":{"line":38,"column":44}},"locations":[{"start":{"line":38,"column":20},"end":{"line":38,"column":44}}]},"11":{"type":"branch","line":39,"loc":{"start":{"line":39,"column":20},"end":{"line":39,"column":60}},"locations":[{"start":{"line":39,"column":20},"end":{"line":39,"column":60}}]}},"b":{"0":[4],"1":[4],"2":[1],"3":[1],"4":[3],"5":[2],"6":[1],"7":[0],"8":[1],"9":[3],"10":[2],"11":[2]},"fnMap":{"0":{"name":"<instance_members_initializer>","decl":{"start":{"line":5,"column":15},"end":{"line":42,"column":1}},"loc":{"start":{"line":5,"column":15},"end":{"line":42,"column":1}},"line":5},"1":{"name":"Service","decl":{"start":{"line":7,"column":5},"end":{"line":9,"column":6}},"loc":{"start":{"line":7,"column":5},"end":{"line":9,"column":6}},"line":7},"2":{"name":"#hashPassword","decl":{"start":{"line":11,"column":5},"end":{"line":15,"column":6}},"loc":{"start":{"line":11,"column":5},"end":{"line":15,"column":6}},"line":11},"3":{"name":"create","decl":{"start":{"line":17,"column":5},"end":{"line":25,"column":6}},"loc":{"start":{"line":17,"column":5},"end":{"line":25,"column":6}},"line":17},"4":{"name":"read","decl":{"start":{"line":28,"column":5},"end":{"line":41,"column":6}},"loc":{"start":{"line":28,"column":5},"end":{"line":41,"column":6}},"line":28}},"f":{"0":4,"1":4,"2":1,"3":1,"4":3}}
}
