TN:
SF:src/service.js
FN:5,<instance_members_initializer>
FN:7,Service
FN:11,#hashPassword
FN:17,create
FN:28,read
FNF:5
FNH:5
FNDA:4,<instance_members_initializer>
FNDA:4,Service
FNDA:1,#hashPassword
FNDA:1,create
FNDA:3,read
DA:1,1
DA:2,1
DA:3,1
DA:4,1
DA:5,1
DA:6,4
DA:7,4
DA:8,4
DA:9,4
DA:10,4
DA:11,4
DA:12,1
DA:13,1
DA:14,1
DA:15,1
DA:16,4
DA:17,4
DA:18,1
DA:19,1
DA:20,1
DA:21,1
DA:22,1
DA:23,1
DA:24,1
DA:25,1
DA:26,4
DA:27,4
DA:28,4
DA:29,3
DA:30,2
DA:31,2
DA:32,2
DA:33,2
DA:34,2
DA:35,3
DA:36,1
DA:37,1
DA:38,1
DA:39,1
DA:40,1
DA:41,1
DA:42,4
LF:42
LH:42
BRDA:5,0,0,4
BRDA:7,1,0,4
BRDA:11,2,0,1
BRDA:17,3,0,1
BRDA:28,4,0,3
BRDA:29,5,0,1
BRDA:30,6,0,2
BRDA:35,7,0,1
BRDA:33,8,0,4
BRDA:38,9,0,2
BRDA:39,10,0,2
BRF:11
BRH:11
end_of_record
