{"/home/app/modulo04-tdd-bdd/aula01-tdd/src/api.js": {"path":"/home/app/modulo04-tdd-bdd/aula01-tdd/src/api.js","all":false,"statementMap":{"0":{"start":{"line":1,"column":0},"end":{"line":1,"column":40}},"1":{"start":{"line":2,"column":0},"end":{"line":2,"column":34}},"2":{"start":{"line":3,"column":0},"end":{"line":3,"column":40}},"3":{"start":{"line":4,"column":0},"end":{"line":4,"column":18}},"4":{"start":{"line":5,"column":0},"end":{"line":5,"column":0}},"5":{"start":{"line":6,"column":0},"end":{"line":6,"column":36}},"6":{"start":{"line":7,"column":0},"end":{"line":7,"column":75}},"7":{"start":{"line":8,"column":0},"end":{"line":8,"column":73}},"8":{"start":{"line":9,"column":0},"end":{"line":9,"column":52}},"9":{"start":{"line":10,"column":0},"end":{"line":10,"column":46}},"10":{"start":{"line":11,"column":0},"end":{"line":11,"column":34}},"11":{"start":{"line":12,"column":0},"end":{"line":12,"column":34}},"12":{"start":{"line":13,"column":0},"end":{"line":13,"column":1}},"13":{"start":{"line":14,"column":0},"end":{"line":14,"column":0}},"14":{"start":{"line":15,"column":0},"end":{"line":15,"column":49}},"15":{"start":{"line":16,"column":0},"end":{"line":16,"column":9}},"16":{"start":{"line":17,"column":0},"end":{"line":17,"column":60}},"17":{"start":{"line":18,"column":0},"end":{"line":18,"column":60}},"18":{"start":{"line":19,"column":0},"end":{"line":19,"column":33}},"19":{"start":{"line":20,"column":0},"end":{"line":20,"column":33}},"20":{"start":{"line":21,"column":0},"end":{"line":21,"column":24}},"21":{"start":{"line":22,"column":0},"end":{"line":22,"column":56}},"22":{"start":{"line":23,"column":0},"end":{"line":23,"column":13}},"23":{"start":{"line":24,"column":0},"end":{"line":24,"column":37}},"24":{"start":{"line":25,"column":0},"end":{"line":25,"column":0}},"25":{"start":{"line":26,"column":0},"end":{"line":26,"column":70}},"26":{"start":{"line":27,"column":0},"end":{"line":27,"column":36}},"27":{"start":{"line":28,"column":0},"end":{"line":28,"column":34}},"28":{"start":{"line":29,"column":0},"end":{"line":29,"column":15}},"29":{"start":{"line":30,"column":0},"end":{"line":30,"column":19}},"30":{"start":{"line":31,"column":0},"end":{"line":31,"column":9}},"31":{"start":{"line":32,"column":0},"end":{"line":32,"column":67}},"32":{"start":{"line":33,"column":0},"end":{"line":33,"column":47}},"33":{"start":{"line":34,"column":0},"end":{"line":34,"column":61}},"34":{"start":{"line":35,"column":0},"end":{"line":35,"column":70}},"35":{"start":{"line":36,"column":0},"end":{"line":36,"column":41}},"36":{"start":{"line":37,"column":0},"end":{"line":37,"column":19}},"37":{"start":{"line":38,"column":0},"end":{"line":38,"column":9}},"38":{"start":{"line":39,"column":0},"end":{"line":39,"column":19}},"39":{"start":{"line":40,"column":0},"end":{"line":40,"column":49}},"40":{"start":{"line":41,"column":0},"end":{"line":41,"column":92}},"41":{"start":{"line":42,"column":0},"end":{"line":42,"column":36}},"42":{"start":{"line":43,"column":0},"end":{"line":43,"column":36}},"43":{"start":{"line":44,"column":0},"end":{"line":44,"column":15}},"44":{"start":{"line":45,"column":0},"end":{"line":45,"column":19}},"45":{"start":{"line":46,"column":0},"end":{"line":46,"column":9}},"46":{"start":{"line":47,"column":0},"end":{"line":47,"column":46}},"47":{"start":{"line":48,"column":0},"end":{"line":48,"column":33}},"48":{"start":{"line":49,"column":0},"end":{"line":49,"column":15}},"49":{"start":{"line":50,"column":0},"end":{"line":50,"column":5}},"50":{"start":{"line":51,"column":0},"end":{"line":51,"column":0}},"51":{"start":{"line":52,"column":0},"end":{"line":52,"column":0}},"52":{"start":{"line":53,"column":0},"end":{"line":53,"column":2}},"53":{"start":{"line":54,"column":0},"end":{"line":54,"column":0}},"54":{"start":{"line":55,"column":0},"end":{"line":55,"column":18}}},"s":{"0":1,"1":1,"2":1,"3":1,"4":1,"5":5,"6":5,"7":5,"8":5,"9":5,"10":5,"11":1,"12":1,"13":1,"14":1,"15":8,"16":8,"17":5,"18":5,"19":5,"20":5,"21":5,"22":5,"23":5,"24":5,"25":5,"26":5,"27":5,"28":5,"29":5,"30":5,"31":8,"32":3,"33":3,"34":3,"35":3,"36":3,"37":3,"38":8,"39":2,"40":1,"41":1,"42":1,"43":1,"44":1,"45":1,"46":1,"47":1,"48":1,"49":1,"50":8,"51":8,"52":8,"53":1,"54":1},"branchMap":{"0":{"type":"branch","line":6,"loc":{"start":{"line":6,"column":0},"end":{"line":13,"column":1}},"locations":[{"start":{"line":6,"column":0},"end":{"line":13,"column":1}}]},"1":{"type":"branch","line":8,"loc":{"start":{"line":8,"column":16},"end":{"line":8,"column":29}},"locations":[{"start":{"line":8,"column":16},"end":{"line":8,"column":29}}]},"2":{"type":"branch","line":8,"loc":{"start":{"line":8,"column":31},"end":{"line":8,"column":73}},"locations":[{"start":{"line":8,"column":31},"end":{"line":8,"column":73}}]},"3":{"type":"branch","line":9,"loc":{"start":{"line":9,"column":-1},"end":{"line":9,"column":21}},"locations":[{"start":{"line":9,"column":-1},"end":{"line":9,"column":21}}]},"4":{"type":"branch","line":9,"loc":{"start":{"line":9,"column":17},"end":{"line":9,"column":30}},"locations":[{"start":{"line":9,"column":17},"end":{"line":9,"column":30}}]},"5":{"type":"branch","line":9,"loc":{"start":{"line":9,"column":32},"end":{"line":9,"column":52}},"locations":[{"start":{"line":9,"column":32},"end":{"line":9,"column":52}}]},"6":{"type":"branch","line":10,"loc":{"start":{"line":10,"column":-1},"end":{"line":10,"column":21}},"locations":[{"start":{"line":10,"column":-1},"end":{"line":10,"column":21}}]},"7":{"type":"branch","line":10,"loc":{"start":{"line":10,"column":17},"end":{"line":10,"column":30}},"locations":[{"start":{"line":10,"column":17},"end":{"line":10,"column":30}}]},"8":{"type":"branch","line":10,"loc":{"start":{"line":10,"column":32},"end":{"line":10,"column":46}},"locations":[{"start":{"line":10,"column":32},"end":{"line":10,"column":46}}]},"9":{"type":"branch","line":11,"loc":{"start":{"line":11,"column":-1},"end":{"line":11,"column":19}},"locations":[{"start":{"line":11,"column":-1},"end":{"line":11,"column":19}}]},"10":{"type":"branch","line":11,"loc":{"start":{"line":11,"column":19},"end":{"line":13,"column":1}},"locations":[{"start":{"line":11,"column":19},"end":{"line":13,"column":1}}]},"11":{"type":"branch","line":15,"loc":{"start":{"line":15,"column":28},"end":{"line":53,"column":2}},"locations":[{"start":{"line":15,"column":28},"end":{"line":53,"column":2}}]},"12":{"type":"branch","line":17,"loc":{"start":{"line":17,"column":32},"end":{"line":17,"column":57}},"locations":[{"start":{"line":17,"column":32},"end":{"line":17,"column":57}}]},"13":{"type":"branch","line":17,"loc":{"start":{"line":17,"column":59},"end":{"line":31,"column":9}},"locations":[{"start":{"line":17,"column":59},"end":{"line":31,"column":9}}]},"14":{"type":"branch","line":31,"loc":{"start":{"line":31,"column":8},"end":{"line":32,"column":64}},"locations":[{"start":{"line":31,"column":8},"end":{"line":32,"column":64}}]},"15":{"type":"branch","line":32,"loc":{"start":{"line":32,"column":66},"end":{"line":38,"column":9}},"locations":[{"start":{"line":32,"column":66},"end":{"line":38,"column":9}}]},"16":{"type":"branch","line":39,"loc":{"start":{"line":39,"column":6},"end":{"line":50,"column":5}},"locations":[{"start":{"line":39,"column":6},"end":{"line":50,"column":5}}]},"17":{"type":"branch","line":40,"loc":{"start":{"line":40,"column":48},"end":{"line":50,"column":5}},"locations":[{"start":{"line":40,"column":48},"end":{"line":50,"column":5}}]},"18":{"type":"branch","line":34,"loc":{"start":{"line":34,"column":38},"end":{"line":34,"column":60}},"locations":[{"start":{"line":34,"column":38},"end":{"line":34,"column":60}}]}},"b":{"0":[5],"1":[4],"2":[1],"3":[4],"4":[3],"5":[1],"6":[3],"7":[2],"8":[1],"9":[2],"10":[1],"11":[8],"12":[5],"13":[5],"14":[3],"15":[3],"16":[2],"17":[1],"18":[6]},"fnMap":{"0":{"name":"getUserCategory","decl":{"start":{"line":6,"column":0},"end":{"line":13,"column":1}},"loc":{"start":{"line":6,"column":0},"end":{"line":13,"column":1}},"line":6}},"f":{"0":5}}
}
