TN:
SF:src/api.js
FN:6,getUserCategory
FNF:1
FNH:1
FNDA:5,getUserCategory
DA:1,1
DA:2,1
DA:3,1
DA:4,1
DA:5,1
DA:6,5
DA:7,5
DA:8,5
DA:9,5
DA:10,5
DA:11,5
DA:12,1
DA:13,1
DA:14,1
DA:15,1
DA:16,8
DA:17,8
DA:18,5
DA:19,5
DA:20,5
DA:21,5
DA:22,5
DA:23,5
DA:24,5
DA:25,5
DA:26,5
DA:27,5
DA:28,5
DA:29,5
DA:30,5
DA:31,5
DA:32,8
DA:33,3
DA:34,3
DA:35,3
DA:36,3
DA:37,3
DA:38,3
DA:39,8
DA:40,2
DA:41,1
DA:42,1
DA:43,1
DA:44,1
DA:45,1
DA:46,1
DA:47,1
DA:48,1
DA:49,1
DA:50,1
DA:51,8
DA:52,8
DA:53,8
DA:54,1
DA:55,1
LF:55
LH:55
BRDA:6,0,0,5
BRDA:8,1,0,4
BRDA:8,2,0,1
BRDA:9,3,0,4
BRDA:9,4,0,3
BRDA:9,5,0,1
BRDA:10,6,0,3
BRDA:10,7,0,2
BRDA:10,8,0,1
BRDA:11,9,0,2
BRDA:11,10,0,1
BRDA:15,11,0,8
BRDA:17,12,0,5
BRDA:17,13,0,5
BRDA:31,14,0,3
BRDA:32,15,0,3
BRDA:39,16,0,2
BRDA:40,17,0,1
BRDA:34,18,0,6
BRF:19
BRH:19
end_of_record
