<?xml version="1.0" encoding="UTF-8"?>
<coverage generated="1704669500138" clover="3.2.0">
  <project timestamp="1704669500138" name="All files">
    <metrics statements="28" coveredstatements="24" conditionals="8" coveredconditionals="7" methods="3" coveredmethods="3" elements="39" coveredelements="34" complexity="0" loc="28" ncloc="28" packages="1" files="1" classes="1"/>
    <file name="task.js" path="/home/app/modulo03-conceitos-tajs/aula05-fake-timers/src/task.js">
      <metrics statements="28" coveredstatements="24" conditionals="8" coveredconditionals="7" methods="3" coveredmethods="3"/>
      <line num="1" count="1" type="cond" truecount="1" falsecount="0"/>
      <line num="2" count="1" type="stmt"/>
      <line num="3" count="1" type="cond" truecount="1" falsecount="0"/>
      <line num="4" count="3" type="stmt"/>
      <line num="5" count="3" type="stmt"/>
      <line num="6" count="3" type="stmt"/>
      <line num="7" count="3" type="stmt"/>
      <line num="8" count="3" type="stmt"/>
      <line num="9" count="1" type="cond" truecount="1" falsecount="0"/>
      <line num="10" count="1" type="cond" truecount="1" falsecount="0"/>
      <line num="11" count="75" type="stmt"/>
      <line num="12" count="75" type="cond" truecount="0" falsecount="1"/>
      <line num="13" count="0" type="stmt"/>
      <line num="14" count="0" type="stmt"/>
      <line num="15" count="0" type="stmt"/>
      <line num="16" count="0" type="stmt"/>
      <line num="17" count="75" type="cond" truecount="1" falsecount="0"/>
      <line num="18" count="150" type="cond" truecount="1" falsecount="0"/>
      <line num="19" count="3" type="stmt"/>
      <line num="20" count="3" type="stmt"/>
      <line num="21" count="3" type="stmt"/>
      <line num="22" count="75" type="stmt"/>
      <line num="23" count="75" type="cond" truecount="1" falsecount="0"/>
      <line num="24" count="1" type="stmt"/>
      <line num="25" count="1" type="stmt"/>
      <line num="26" count="1" type="stmt"/>
      <line num="27" count="1" type="stmt"/>
      <line num="28" count="1" type="stmt"/>
    </file>
  </project>
</coverage>
