TN:
SF:src/person.js
FN:3,validate
FN:8,format
FN:17,save
FN:27,process
FNF:4
FNH:4
FNDA:3,validate
FNDA:1,format
FNDA:2,save
FNDA:1,process
DA:1,1
DA:2,1
DA:3,1
DA:4,3
DA:5,3
DA:6,3
DA:7,1
DA:8,1
DA:9,1
DA:10,1
DA:11,1
DA:12,1
DA:13,1
DA:14,1
DA:15,1
DA:16,1
DA:17,1
DA:18,2
DA:19,1
DA:20,1
DA:21,1
DA:22,1
DA:23,1
DA:24,1
DA:25,1
DA:26,1
DA:27,1
DA:28,1
DA:29,1
DA:30,1
DA:31,1
DA:32,1
DA:33,1
DA:34,1
DA:35,1
DA:36,1
DA:37,1
DA:38,1
DA:39,1
DA:40,1
DA:41,1
LF:41
LH:41
BRDA:3,0,0,3
BRDA:4,1,0,1
BRDA:5,2,0,2
BRDA:5,3,0,1
BRDA:8,4,0,1
BRDA:17,5,0,2
BRDA:18,6,0,1
BRDA:18,7,0,6
BRDA:27,8,0,1
BRF:9
BRH:9
end_of_record
