TN:
SF:src/person.js
FN:1,mapPerson
FNF:1
FNH:1
FNDA:3,mapPerson
DA:1,1
DA:2,3
DA:3,3
DA:4,3
DA:5,3
DA:6,3
DA:7,3
DA:8,3
DA:9,3
LF:9
LH:9
BRDA:1,0,0,3
BRF:1
BRH:1
end_of_record
TN:
SF:src/task.js
FN:1,<instance_members_initializer>
FN:3,save
FN:9,run
FNF:3
FNH:3
FNDA:1,<instance_members_initializer>
FNDA:3,save
FNDA:1,run
DA:1,1
DA:2,1
DA:3,1
DA:4,3
DA:5,3
DA:6,3
DA:7,3
DA:8,3
DA:9,1
DA:10,1
DA:11,75
DA:12,75
DA:13,0
DA:14,0
DA:15,0
DA:16,0
DA:17,75
DA:18,150
DA:19,3
DA:20,3
DA:21,3
DA:22,75
DA:23,75
DA:24,1
DA:25,1
DA:26,1
DA:27,1
DA:28,1
LF:28
LH:24
BRDA:1,0,0,1
BRDA:3,1,0,3
BRDA:9,2,0,1
BRDA:10,3,0,75
BRDA:12,4,0,0
BRDA:23,5,0,1
BRDA:17,6,0,150
BRDA:18,7,0,3
BRF:8
BRH:7
end_of_record
