{"/workspace/TAJS-JAVA/tajs/modulo03-conceitos-tajs/aula02-stubs/src/service.js": {"path":"/workspace/TAJS-JAVA/tajs/modulo03-conceitos-tajs/aula02-stubs/src/service.js","all":false,"statementMap":{"0":{"start":{"line":1,"column":0},"end":{"line":1,"column":32}},"1":{"start":{"line":2,"column":0},"end":{"line":2,"column":33}},"2":{"start":{"line":3,"column":0},"end":{"line":3,"column":28}},"3":{"start":{"line":4,"column":0},"end":{"line":4,"column":0}},"4":{"start":{"line":5,"column":0},"end":{"line":5,"column":30}},"5":{"start":{"line":6,"column":0},"end":{"line":6,"column":14}},"6":{"start":{"line":7,"column":0},"end":{"line":7,"column":32}},"7":{"start":{"line":8,"column":0},"end":{"line":8,"column":35}},"8":{"start":{"line":9,"column":0},"end":{"line":9,"column":6}},"9":{"start":{"line":10,"column":0},"end":{"line":10,"column":0}},"10":{"start":{"line":11,"column":0},"end":{"line":11,"column":30}},"11":{"start":{"line":12,"column":0},"end":{"line":12,"column":44}},"12":{"start":{"line":13,"column":0},"end":{"line":13,"column":32}},"13":{"start":{"line":14,"column":0},"end":{"line":14,"column":29}},"14":{"start":{"line":15,"column":0},"end":{"line":15,"column":6}},"15":{"start":{"line":16,"column":0},"end":{"line":16,"column":0}},"16":{"start":{"line":17,"column":0},"end":{"line":17,"column":37}},"17":{"start":{"line":18,"column":0},"end":{"line":18,"column":39}},"18":{"start":{"line":19,"column":0},"end":{"line":19,"column":24}},"19":{"start":{"line":20,"column":0},"end":{"line":20,"column":54}},"20":{"start":{"line":21,"column":0},"end":{"line":21,"column":51}},"21":{"start":{"line":22,"column":0},"end":{"line":22,"column":25}},"22":{"start":{"line":23,"column":0},"end":{"line":23,"column":0}},"23":{"start":{"line":24,"column":0},"end":{"line":24,"column":52}},"24":{"start":{"line":25,"column":0},"end":{"line":25,"column":0}},"25":{"start":{"line":26,"column":0},"end":{"line":26,"column":0}},"26":{"start":{"line":27,"column":0},"end":{"line":27,"column":6}},"27":{"start":{"line":28,"column":0},"end":{"line":28,"column":19}},"28":{"start":{"line":29,"column":0},"end":{"line":29,"column":60}},"29":{"start":{"line":30,"column":0},"end":{"line":30,"column":10}},"30":{"start":{"line":31,"column":0},"end":{"line":31,"column":68}},"31":{"start":{"line":32,"column":0},"end":{"line":32,"column":22}},"32":{"start":{"line":33,"column":0},"end":{"line":33,"column":33}},"33":{"start":{"line":34,"column":0},"end":{"line":34,"column":0}},"34":{"start":{"line":35,"column":0},"end":{"line":35,"column":37}},"35":{"start":{"line":36,"column":0},"end":{"line":36,"column":0}},"36":{"start":{"line":37,"column":0},"end":{"line":37,"column":22}},"37":{"start":{"line":38,"column":0},"end":{"line":38,"column":39}},"38":{"start":{"line":39,"column":0},"end":{"line":39,"column":52}},"39":{"start":{"line":40,"column":0},"end":{"line":40,"column":0}},"40":{"start":{"line":41,"column":0},"end":{"line":41,"column":6}},"41":{"start":{"line":42,"column":0},"end":{"line":42,"column":1}}},"s":{"0":1,"1":1,"2":1,"3":1,"4":1,"5":3,"6":3,"7":3,"8":3,"9":3,"10":3,"11":0,"12":0,"13":0,"14":0,"15":3,"16":3,"17":0,"18":0,"19":0,"20":0,"21":0,"22":0,"23":0,"24":0,"25":0,"26":0,"27":3,"28":3,"29":3,"30":3,"31":3,"32":3,"33":3,"34":3,"35":1,"36":1,"37":1,"38":1,"39":1,"40":1,"41":3},"branchMap":{"0":{"type":"branch","line":5,"loc":{"start":{"line":5,"column":15},"end":{"line":42,"column":1}},"locations":[{"start":{"line":5,"column":15},"end":{"line":42,"column":1}}]},"1":{"type":"branch","line":7,"loc":{"start":{"line":7,"column":5},"end":{"line":9,"column":6}},"locations":[{"start":{"line":7,"column":5},"end":{"line":9,"column":6}}]},"2":{"type":"branch","line":28,"loc":{"start":{"line":28,"column":5},"end":{"line":41,"column":6}},"locations":[{"start":{"line":28,"column":5},"end":{"line":41,"column":6}}]},"3":{"type":"branch","line":29,"loc":{"start":{"line":29,"column":51},"end":{"line":29,"column":60}},"locations":[{"start":{"line":29,"column":51},"end":{"line":29,"column":60}}]},"4":{"type":"branch","line":35,"loc":{"start":{"line":35,"column":28},"end":{"line":35,"column":37}},"locations":[{"start":{"line":35,"column":28},"end":{"line":35,"column":37}}]},"5":{"type":"branch","line":36,"loc":{"start":{"line":36,"column":-1},"end":{"line":41,"column":6}},"locations":[{"start":{"line":36,"column":-1},"end":{"line":41,"column":6}}]},"6":{"type":"branch","line":33,"loc":{"start":{"line":33,"column":18},"end":{"line":33,"column":32}},"locations":[{"start":{"line":33,"column":18},"end":{"line":33,"column":32}}]},"7":{"type":"branch","line":38,"loc":{"start":{"line":38,"column":15},"end":{"line":38,"column":38}},"locations":[{"start":{"line":38,"column":15},"end":{"line":38,"column":38}}]},"8":{"type":"branch","line":39,"loc":{"start":{"line":39,"column":15},"end":{"line":39,"column":51}},"locations":[{"start":{"line":39,"column":15},"end":{"line":39,"column":51}}]}},"b":{"0":[3],"1":[3],"2":[3],"3":[0],"4":[2],"5":[1],"6":[5],"7":[2],"8":[2]},"fnMap":{"0":{"name":"<instance_members_initializer>","decl":{"start":{"line":5,"column":15},"end":{"line":42,"column":1}},"loc":{"start":{"line":5,"column":15},"end":{"line":42,"column":1}},"line":5},"1":{"name":"Service","decl":{"start":{"line":7,"column":5},"end":{"line":9,"column":6}},"loc":{"start":{"line":7,"column":5},"end":{"line":9,"column":6}},"line":7},"2":{"name":"#hashPassword","decl":{"start":{"line":11,"column":5},"end":{"line":15,"column":6}},"loc":{"start":{"line":11,"column":5},"end":{"line":15,"column":6}},"line":11},"3":{"name":"create","decl":{"start":{"line":17,"column":5},"end":{"line":27,"column":6}},"loc":{"start":{"line":17,"column":5},"end":{"line":27,"column":6}},"line":17},"4":{"name":"read","decl":{"start":{"line":28,"column":5},"end":{"line":41,"column":6}},"loc":{"start":{"line":28,"column":5},"end":{"line":41,"column":6}},"line":28}},"f":{"0":3,"1":3,"2":0,"3":0,"4":3}}
}
