TN:
SF:src/service.js
FN:5,<instance_members_initializer>
FN:7,Service
FN:11,#hashPassword
FN:17,create
FN:28,read
FNF:5
FNH:3
FNDA:3,<instance_members_initializer>
FNDA:3,Service
FNDA:0,#hashPassword
FNDA:0,create
FNDA:3,read
DA:1,1
DA:2,1
DA:3,1
DA:4,1
DA:5,1
DA:6,3
DA:7,3
DA:8,3
DA:9,3
DA:10,3
DA:11,3
DA:12,0
DA:13,0
DA:14,0
DA:15,0
DA:16,3
DA:17,3
DA:18,0
DA:19,0
DA:20,0
DA:21,0
DA:22,0
DA:23,0
DA:24,0
DA:25,0
DA:26,0
DA:27,0
DA:28,3
DA:29,3
DA:30,3
DA:31,3
DA:32,3
DA:33,3
DA:34,3
DA:35,3
DA:36,1
DA:37,1
DA:38,1
DA:39,1
DA:40,1
DA:41,1
DA:42,3
LF:42
LH:28
BRDA:5,0,0,3
BRDA:7,1,0,3
BRDA:28,2,0,3
BRDA:29,3,0,0
BRDA:35,4,0,2
BRDA:36,5,0,1
BRDA:33,6,0,5
BRDA:38,7,0,2
BRDA:39,8,0,2
BRF:9
BRH:8
end_of_record
